# JRE version: OpenJDK Runtime Environment (8.0_152-b06) (build 1.8.0_152-release-1136-b06)
# Java VM: OpenJDK 64-Bit Server VM (25.152-b06 mixed mode windows-amd64 compressed oops)
Heap:
 PSYoungGen      total 98816K, used 60483K [0x00000000e0000000, 0x00000000e8580000, 0x0000000100000000)
  eden space 87552K, 57% used [0x00000000e0000000,0x00000000e3105128,0x00000000e5580000)
  from space 11264K, 91% used [0x00000000e5580000,0x00000000e5f8baf8,0x00000000e6080000)
  to   space 11776K, 0% used [0x00000000e7a00000,0x00000000e7a00000,0x00000000e8580000)
 ParOldGen       total 95232K, used 16248K [0x00000000a0000000, 0x00000000a5d00000, 0x00000000e0000000)
  object space 95232K, 17% used [0x00000000a0000000,0x00000000a0fde260,0x00000000a5d00000)
 Metaspace       used 43818K, capacity 44678K, committed 44968K, reserved 1087488K
  class space    used 5985K, capacity 6270K, committed 6320K, reserved 1048576K
GC Heap History (10 events):
Event: 1.862 GC heap before
{Heap before GC invocations=7 (full 1):
 PSYoungGen      total 71680K, used 66560K [0x00000000e0000000, 0x00000000e4b00000, 0x0000000100000000)
  eden space 66560K, 100% used [0x00000000e0000000,0x00000000e4100000,0x00000000e4100000)
  from space 5120K, 0% used [0x00000000e4100000,0x00000000e4100000,0x00000000e4600000)
  to   space 5120K, 0% used [0x00000000e4600000,0x00000000e4600000,0x00000000e4b00000)
 ParOldGen       total 61952K, used 8177K [0x00000000a0000000, 0x00000000a3c80000, 0x00000000e0000000)
  object space 61952K, 13% used [0x00000000a0000000,0x00000000a07fc6e8,0x00000000a3c80000)
 Metaspace       used 26565K, capacity 27030K, committed 27184K, reserved 1073152K
  class space    used 3660K, capacity 3801K, committed 3888K, reserved 1048576K
Event: 1.867 GC heap after
Heap after GC invocations=7 (full 1):
 PSYoungGen      total 67072K, used 5103K [0x00000000e0000000, 0x00000000e7480000, 0x0000000100000000)
  eden space 61952K, 0% used [0x00000000e0000000,0x00000000e0000000,0x00000000e3c80000)
  from space 5120K, 99% used [0x00000000e4600000,0x00000000e4afbcb8,0x00000000e4b00000)
  to   space 9728K, 0% used [0x00000000e3c80000,0x00000000e3c80000,0x00000000e4600000)
 ParOldGen       total 61952K, used 10212K [0x00000000a0000000, 0x00000000a3c80000, 0x00000000e0000000)
  object space 61952K, 16% used [0x00000000a0000000,0x00000000a09f91a0,0x00000000a3c80000)
 Metaspace       used 26565K, capacity 27030K, committed 27184K, reserved 1073152K
  class space    used 3660K, capacity 3801K, committed 3888K, reserved 1048576K
}
Event: 4.664 GC heap before
{Heap before GC invocations=8 (full 1):
 PSYoungGen      total 67072K, used 67055K [0x00000000e0000000, 0x00000000e7480000, 0x0000000100000000)
  eden space 61952K, 100% used [0x00000000e0000000,0x00000000e3c80000,0x00000000e3c80000)
  from space 5120K, 99% used [0x00000000e4600000,0x00000000e4afbcb8,0x00000000e4b00000)
  to   space 9728K, 0% used [0x00000000e3c80000,0x00000000e3c80000,0x00000000e4600000)
 ParOldGen       total 61952K, used 10212K [0x00000000a0000000, 0x00000000a3c80000, 0x00000000e0000000)
  object space 61952K, 16% used [0x00000000a0000000,0x00000000a09f91a0,0x00000000a3c80000)
 Metaspace       used 29714K, capacity 30184K, committed 30512K, reserved 1075200K
  class space    used 4158K, capacity 4319K, committed 4400K, reserved 1048576K
Event: 4.669 GC heap after
Heap after GC invocations=8 (full 1):
 PSYoungGen      total 71680K, used 8388K [0x00000000e0000000, 0x00000000e6b00000, 0x0000000100000000)
  eden space 61952K, 0% used [0x00000000e0000000,0x00000000e0000000,0x00000000e3c80000)
  from space 9728K, 86% used [0x00000000e3c80000,0x00000000e44b1330,0x00000000e4600000)
  to   space 10240K, 0% used [0x00000000e6100000,0x00000000e6100000,0x00000000e6b00000)
 ParOldGen       total 61952K, used 10220K [0x00000000a0000000, 0x00000000a3c80000, 0x00000000e0000000)
  object space 61952K, 16% used [0x00000000a0000000,0x00000000a09fb1a0,0x00000000a3c80000)
 Metaspace       used 29714K, capacity 30184K, committed 30512K, reserved 1075200K
  class space    used 4158K, capacity 4319K, committed 4400K, reserved 1048576K
}
Event: 5.179 GC heap before
{Heap before GC invocations=9 (full 1):
 PSYoungGen      total 71680K, used 39903K [0x00000000e0000000, 0x00000000e6b00000, 0x0000000100000000)
  eden space 61952K, 50% used [0x00000000e0000000,0x00000000e1ec6a90,0x00000000e3c80000)
  from space 9728K, 86% used [0x00000000e3c80000,0x00000000e44b1330,0x00000000e4600000)
  to   space 10240K, 0% used [0x00000000e6100000,0x00000000e6100000,0x00000000e6b00000)
 ParOldGen       total 61952K, used 10220K [0x00000000a0000000, 0x00000000a3c80000, 0x00000000e0000000)
  object space 61952K, 16% used [0x00000000a0000000,0x00000000a09fb1a0,0x00000000a3c80000)
 Metaspace       used 34913K, capacity 35436K, committed 35496K, reserved 1079296K
  class space    used 4837K, capacity 5030K, committed 5040K, reserved 1048576K
Event: 5.184 GC heap after
Heap after GC invocations=9 (full 1):
 PSYoungGen      total 97792K, used 9904K [0x00000000e0000000, 0x00000000e6b80000, 0x0000000100000000)
  eden space 87552K, 0% used [0x00000000e0000000,0x00000000e0000000,0x00000000e5580000)
  from space 10240K, 96% used [0x00000000e6100000,0x00000000e6aac130,0x00000000e6b00000)
  to   space 11264K, 0% used [0x00000000e5580000,0x00000000e5580000,0x00000000e6080000)
 ParOldGen       total 61952K, used 10228K [0x00000000a0000000, 0x00000000a3c80000, 0x00000000e0000000)
  object space 61952K, 16% used [0x00000000a0000000,0x00000000a09fd1a0,0x00000000a3c80000)
 Metaspace       used 34913K, capacity 35436K, committed 35496K, reserved 1079296K
  class space    used 4837K, capacity 5030K, committed 5040K, reserved 1048576K
}
Event: 5.184 GC heap before
{Heap before GC invocations=10 (full 2):
 PSYoungGen      total 97792K, used 9904K [0x00000000e0000000, 0x00000000e6b80000, 0x0000000100000000)
  eden space 87552K, 0% used [0x00000000e0000000,0x00000000e0000000,0x00000000e5580000)
  from space 10240K, 96% used [0x00000000e6100000,0x00000000e6aac130,0x00000000e6b00000)
  to   space 11264K, 0% used [0x00000000e5580000,0x00000000e5580000,0x00000000e6080000)
 ParOldGen       total 61952K, used 10228K [0x00000000a0000000, 0x00000000a3c80000, 0x00000000e0000000)
  object space 61952K, 16% used [0x00000000a0000000,0x00000000a09fd1a0,0x00000000a3c80000)
 Metaspace       used 34913K, capacity 35436K, committed 35496K, reserved 1079296K
  class space    used 4837K, capacity 5030K, committed 5040K, reserved 1048576K
Event: 5.217 GC heap after
Heap after GC invocations=10 (full 2):
 PSYoungGen      total 97792K, used 0K [0x00000000e0000000, 0x00000000e6b80000, 0x0000000100000000)
  eden space 87552K, 0% used [0x00000000e0000000,0x00000000e0000000,0x00000000e5580000)
  from space 10240K, 0% used [0x00000000e6100000,0x00000000e6100000,0x00000000e6b00000)
  to   space 11264K, 0% used [0x00000000e5580000,0x00000000e5580000,0x00000000e6080000)
 ParOldGen       total 95232K, used 16240K [0x00000000a0000000, 0x00000000a5d00000, 0x00000000e0000000)
  object space 95232K, 17% used [0x00000000a0000000,0x00000000a0fdc260,0x00000000a5d00000)
 Metaspace       used 34913K, capacity 35436K, committed 35496K, reserved 1079296K
  class space    used 4837K, capacity 5030K, committed 5040K, reserved 1048576K
}
Event: 5.815 GC heap before
{Heap before GC invocations=11 (full 2):
 PSYoungGen      total 97792K, used 87552K [0x00000000e0000000, 0x00000000e6b80000, 0x0000000100000000)
  eden space 87552K, 100% used [0x00000000e0000000,0x00000000e5580000,0x00000000e5580000)
  from space 10240K, 0% used [0x00000000e6100000,0x00000000e6100000,0x00000000e6b00000)
  to   space 11264K, 0% used [0x00000000e5580000,0x00000000e5580000,0x00000000e6080000)
 ParOldGen       total 95232K, used 16240K [0x00000000a0000000, 0x00000000a5d00000, 0x00000000e0000000)
  object space 95232K, 17% used [0x00000000a0000000,0x00000000a0fdc260,0x00000000a5d00000)
 Metaspace       used 40119K, capacity 40794K, committed 41128K, reserved 1085440K
  class space    used 5449K, capacity 5695K, committed 5808K, reserved 1048576K
Event: 5.822 GC heap after
Heap after GC invocations=11 (full 2):
 PSYoungGen      total 98816K, used 10286K [0x00000000e0000000, 0x00000000e8580000, 0x0000000100000000)
  eden space 87552K, 0% used [0x00000000e0000000,0x00000000e0000000,0x00000000e5580000)
  from space 11264K, 91% used [0x00000000e5580000,0x00000000e5f8baf8,0x00000000e6080000)
  to   space 11776K, 0% used [0x00000000e7a00000,0x00000000e7a00000,0x00000000e8580000)
 ParOldGen       total 95232K, used 16248K [0x00000000a0000000, 0x00000000a5d00000, 0x00000000e0000000)
  object space 95232K, 17% used [0x00000000a0000000,0x00000000a0fde260,0x00000000a5d00000)
 Metaspace       used 40119K, capacity 40794K, committed 41128K, reserved 1085440K
  class space    used 5449K, capacity 5695K, committed 5808K, reserved 1048576K
}

